<html xmlns:math="http://exslt.org/math" xmlns:testng="http://testng.org">
   <head>
      <title>TestNG Results</title>
      <meta http-equiv="content-type" content="text/html; charset=utf-8"></meta>
      <meta http-equiv="pragma" content="no-cache"></meta>
      <meta http-equiv="cache-control" content="max-age=0"></meta>
      <meta http-equiv="cache-control" content="no-cache"></meta>
      <meta http-equiv="cache-control" content="no-store"></meta>
      <LINK rel="stylesheet" href="style.css"></LINK>
      <script type="text/javascript" src="main.js"></script>
   </head>
   <body>
      <table width="100%" style="font-size: 16px; margin-bottom: 10px;" cellspacing="1">
         <tr>
            <td width="100%">
               All methods in suite
               
               <b>MyTestSuite</b>
            </td>
            <td style="background-color: #FFBBBB; padding: 3px 3px 3px 0;" align="center">
               <div style="width: 50px;">1</div>
            </td>
            <td style="background-color: lightgreen; padding: 3px 3px 3px 0;" align="center">
               <div style="width: 50px;">1</div>
            </td>
            <td style="background-color: #FFFFBB; padding: 3px 3px 3px 0;" align="center">
               <div style="width: 50px;">0</div>
            </td>
            <td align="center" style="background-color: #eaf0f7; padding: 3px 3px 3px 0;">
               <div style="width: 50px;">2</div>
            </td>
            <td align="center"
                style="font-weight: bold; background-color: #eaf0f7; padding: 3px 3px 3px 0;">
               <div style="width: 50px;">50%</div>
            </td>
            <td style="background-color: #eaf0f7; padding: 3px 3px 3px 0;" align="center"
                nowrap="true">148 ms
               
            </td>
         </tr>
      </table>
      <div style="width: 200px;">
         <label for="groupMethodsCheckBox" style="font-weight: bold; margin: 0;">
            <input id="groupMethodsCheckBox" type="checkbox" onclick="switchTestMethodsView(this)"
                   checked=""></input>
            Group by class
            
         </label>
         <br></br>
         <label for="methodsFilter_ALL" style="font-weight: bold; margin: 0;">
            <input id="methodsFilter_ALL" type="checkbox"
                   onclick="testMethodsFilterChanged(this, 'ALL')"
                   checked=""></input>
            All
            
         </label>
      </div>
      <label for="methodsFilter_FAIL" style="margin-left: 20px;">
         <input id="methodsFilter_FAIL" type="checkbox"
                onclick="testMethodsFilterChanged(this, 'FAIL')"
                checked=""></input>
         Failed
         
      </label>
      <label for="methodsFilter_PASS">
         <input id="methodsFilter_PASS" type="checkbox"
                onclick="testMethodsFilterChanged(this, 'PASS')"
                checked=""></input>
         Passed
         
      </label>
      <label for="methodsFilter_SKIP">
         <input id="methodsFilter_SKIP" type="checkbox"
                onclick="testMethodsFilterChanged(this, 'SKIP')"
                checked=""></input>
         Skipped
         
      </label>
      <label for="methodsFilter_CONF">
         <input id="methodsFilter_CONF" type="checkbox"
                onclick="testMethodsFilterChanged(this, 'CONF')"
                checked=""></input>
         Config
         
      </label>
      <br></br>
      <div id="testMethodsByStatus" style="display: none;">
         <table class="testMethodsTable" cellpadding="0" cellspacing="0">
            <tr class="methodsTableHeader">
               <td width="100%">Name</td>
               <td nowrap="true">Started</td>
               <td nowrap="true">Duration</td>
               <td>Exception</td>
            </tr>
            <tr id="Reporting_credentials_byStatus_failed_FAIL1_row"
                class="testMethodStatusFAIL">
               <td width="100%" class="firstMethodCell">
                  <a onclick="toggleDetailsVisibility('Reporting_credentials_byStatus_failed_FAIL1_details')">credentials()</a>
               </td>
               <td nowrap="true">16:50:29</td>
               <td nowrap="true" align="right">29 ms
                  
               </td>
               <td nowrap="true">
                  <a onclick="toggleDetailsVisibility('Reporting_credentials_byStatus_failed_FAIL1_exception')">java.lang.AssertionError: 
                     expected [MOHIT] but found [mohit]
                     
                  </a>
                   
                  
               </td>
            </tr>
            <tr>
               <td colspan="4" class="detailsBox">
                  <div id="Reporting_credentials_byStatus_failed_FAIL1_details"
                       class="testMethodDetails">
                     <div>
                        <b>Name: </b>credentials
                     </div>
                     <div>
                        <b>Signature: </b>credentials()[pri:0, instance:Reporting@37858383]
                     </div>
                     <div>
                        <b>Start time: </b>16:50:29
                     </div>
                     <div>
                        <b>End time: </b>16:50:29
                     </div>
                     <div>
                        <b>Duration: </b>29 ms
                        
                     </div>
                  </div>
               </td>
            </tr>
            <tr>
               <td colspan="4" class="detailsBox">
                  <div id="Reporting_credentials_byStatus_failed_FAIL1_exception"
                       class="testMethodDetails">
                     <pre style="padding: 5px; margin: 0;">java.lang.AssertionError: expected [MOHIT] but found [mohit]
                        at org.testng.Assert.fail(Assert.java:97)
                        at org.testng.Assert.assertEqualsImpl(Assert.java:136)
                        at org.testng.Assert.assertEquals(Assert.java:118)
                        at org.testng.Assert.assertEquals(Assert.java:575)
                        at org.testng.Assert.assertEquals(Assert.java:585)
                        at Reporting.credentials(Reporting.java:11)
                        at java.base/jdk.internal.reflect.NativeMethodAccessorImpl.invoke0(Native Method)
                        at java.base/jdk.internal.reflect.NativeMethodAccessorImpl.invoke(Unknown Source)
                        at java.base/jdk.internal.reflect.DelegatingMethodAccessorImpl.invoke(Unknown Source)
                        at java.base/java.lang.reflect.Method.invoke(Unknown Source)
                        at org.testng.internal.MethodInvocationHelper.invokeMethod(MethodInvocationHelper.java:135)
                        at org.testng.internal.TestInvoker.invokeMethod(TestInvoker.java:598)
                        at org.testng.internal.TestInvoker.invokeTestMethod(TestInvoker.java:174)
                        at org.testng.internal.MethodRunner.runInSequence(MethodRunner.java:46)
                        at org.testng.internal.TestInvoker$MethodInvocationAgent.invoke(TestInvoker.java:821)
                        at org.testng.internal.TestInvoker.invokeTestMethods(TestInvoker.java:147)
                        at org.testng.internal.TestMethodWorker.invokeTestMethods(TestMethodWorker.java:146)
                        at org.testng.internal.TestMethodWorker.run(TestMethodWorker.java:128)
                        at java.base/java.util.ArrayList.forEach(Unknown Source)
                        at org.testng.TestRunner.privateRun(TestRunner.java:767)
                        at org.testng.TestRunner.run(TestRunner.java:588)
                        at org.testng.SuiteRunner.runTest(SuiteRunner.java:384)
                        at org.testng.SuiteRunner.runSequentially(SuiteRunner.java:378)
                        at org.testng.SuiteRunner.privateRun(SuiteRunner.java:337)
                        at org.testng.SuiteRunner.run(SuiteRunner.java:286)
                        at org.testng.SuiteRunnerWorker.runSuite(SuiteRunnerWorker.java:53)
                        at org.testng.SuiteRunnerWorker.run(SuiteRunnerWorker.java:96)
                        at org.testng.TestNG.runSuitesSequentially(TestNG.java:1214)
                        at org.testng.TestNG.runSuitesLocally(TestNG.java:1136)
                        at org.testng.TestNG.runSuites(TestNG.java:1066)
                        at org.testng.TestNG.run(TestNG.java:1034)
                        at org.testng.remote.AbstractRemoteTestNG.run(AbstractRemoteTestNG.java:115)
                        at org.testng.remote.RemoteTestNG.initAndRun(RemoteTestNG.java:251)
                        at org.testng.remote.RemoteTestNG.main(RemoteTestNG.java:77)
                     </pre>
                  </div>
               </td>
            </tr>
            <tr id="Reporting_login_byStatus_passed_PASS1_row" class="testMethodStatusPASS">
               <td width="100%" class="firstMethodCell">
                  <a onclick="toggleDetailsVisibility('Reporting_login_byStatus_passed_PASS1_details')">login()</a>
               </td>
               <td nowrap="true">16:50:29</td>
               <td nowrap="true" align="right">2 ms
                  
               </td>
               <td nowrap="true">
                   
                  
               </td>
            </tr>
            <tr>
               <td colspan="4" class="detailsBox">
                  <div id="Reporting_login_byStatus_passed_PASS1_details" class="testMethodDetails">
                     <div>
                        <b>Name: </b>login
                     </div>
                     <div>
                        <b>Signature: </b>login()[pri:0, instance:Reporting@37858383]
                     </div>
                     <div>
                        <b>Start time: </b>16:50:29
                     </div>
                     <div>
                        <b>End time: </b>16:50:29
                     </div>
                     <div>
                        <b>Duration: </b>2 ms
                        
                     </div>
                  </div>
               </td>
            </tr>
            <tr></tr>
         </table>
      </div>
      <div id="testMethodsByClass">
         <table class="testMethodsTable" cellpadding="0" cellspacing="0">
            <tr>
               <td colspan="4">
                  <h3 style="display: inline;">Reporting</h3>
               </td>
            </tr>
            <tr class="methodsTableHeader">
               <td width="100%">Name</td>
               <td nowrap="true">Started</td>
               <td nowrap="true">Duration</td>
               <td>Exception</td>
            </tr>
            <tr id="Reporting_credentials_byClass_FAIL1_row" class="testMethodStatusFAIL">
               <td width="100%" class="firstMethodCell">
                  <a onclick="toggleDetailsVisibility('Reporting_credentials_byClass_FAIL1_details')">credentials()</a>
               </td>
               <td nowrap="true">16:50:29</td>
               <td nowrap="true" align="right">29 ms
                  
               </td>
               <td nowrap="true">
                  <a onclick="toggleDetailsVisibility('Reporting_credentials_byClass_FAIL1_exception')">java.lang.AssertionError: 
                     expected [MOHIT] but found [mohit]
                     
                  </a>
                   
                  
               </td>
            </tr>
            <tr>
               <td colspan="4" class="detailsBox">
                  <div id="Reporting_credentials_byClass_FAIL1_details" class="testMethodDetails">
                     <div>
                        <b>Name: </b>credentials
                     </div>
                     <div>
                        <b>Signature: </b>credentials()[pri:0, instance:Reporting@37858383]
                     </div>
                     <div>
                        <b>Start time: </b>16:50:29
                     </div>
                     <div>
                        <b>End time: </b>16:50:29
                     </div>
                     <div>
                        <b>Duration: </b>29 ms
                        
                     </div>
                  </div>
               </td>
            </tr>
            <tr>
               <td colspan="4" class="detailsBox">
                  <div id="Reporting_credentials_byClass_FAIL1_exception" class="testMethodDetails">
                     <pre style="padding: 5px; margin: 0;">java.lang.AssertionError: expected [MOHIT] but found [mohit]
                        at org.testng.Assert.fail(Assert.java:97)
                        at org.testng.Assert.assertEqualsImpl(Assert.java:136)
                        at org.testng.Assert.assertEquals(Assert.java:118)
                        at org.testng.Assert.assertEquals(Assert.java:575)
                        at org.testng.Assert.assertEquals(Assert.java:585)
                        at Reporting.credentials(Reporting.java:11)
                        at java.base/jdk.internal.reflect.NativeMethodAccessorImpl.invoke0(Native Method)
                        at java.base/jdk.internal.reflect.NativeMethodAccessorImpl.invoke(Unknown Source)
                        at java.base/jdk.internal.reflect.DelegatingMethodAccessorImpl.invoke(Unknown Source)
                        at java.base/java.lang.reflect.Method.invoke(Unknown Source)
                        at org.testng.internal.MethodInvocationHelper.invokeMethod(MethodInvocationHelper.java:135)
                        at org.testng.internal.TestInvoker.invokeMethod(TestInvoker.java:598)
                        at org.testng.internal.TestInvoker.invokeTestMethod(TestInvoker.java:174)
                        at org.testng.internal.MethodRunner.runInSequence(MethodRunner.java:46)
                        at org.testng.internal.TestInvoker$MethodInvocationAgent.invoke(TestInvoker.java:821)
                        at org.testng.internal.TestInvoker.invokeTestMethods(TestInvoker.java:147)
                        at org.testng.internal.TestMethodWorker.invokeTestMethods(TestMethodWorker.java:146)
                        at org.testng.internal.TestMethodWorker.run(TestMethodWorker.java:128)
                        at java.base/java.util.ArrayList.forEach(Unknown Source)
                        at org.testng.TestRunner.privateRun(TestRunner.java:767)
                        at org.testng.TestRunner.run(TestRunner.java:588)
                        at org.testng.SuiteRunner.runTest(SuiteRunner.java:384)
                        at org.testng.SuiteRunner.runSequentially(SuiteRunner.java:378)
                        at org.testng.SuiteRunner.privateRun(SuiteRunner.java:337)
                        at org.testng.SuiteRunner.run(SuiteRunner.java:286)
                        at org.testng.SuiteRunnerWorker.runSuite(SuiteRunnerWorker.java:53)
                        at org.testng.SuiteRunnerWorker.run(SuiteRunnerWorker.java:96)
                        at org.testng.TestNG.runSuitesSequentially(TestNG.java:1214)
                        at org.testng.TestNG.runSuitesLocally(TestNG.java:1136)
                        at org.testng.TestNG.runSuites(TestNG.java:1066)
                        at org.testng.TestNG.run(TestNG.java:1034)
                        at org.testng.remote.AbstractRemoteTestNG.run(AbstractRemoteTestNG.java:115)
                        at org.testng.remote.RemoteTestNG.initAndRun(RemoteTestNG.java:251)
                        at org.testng.remote.RemoteTestNG.main(RemoteTestNG.java:77)
                     </pre>
                  </div>
               </td>
            </tr>
            <tr id="Reporting_login_byClass_PASS2_row" class="testMethodStatusPASS">
               <td width="100%" class="firstMethodCell">
                  <a onclick="toggleDetailsVisibility('Reporting_login_byClass_PASS2_details')">login()</a>
               </td>
               <td nowrap="true">16:50:29</td>
               <td nowrap="true" align="right">2 ms
                  
               </td>
               <td nowrap="true">
                   
                  
               </td>
            </tr>
            <tr>
               <td colspan="4" class="detailsBox">
                  <div id="Reporting_login_byClass_PASS2_details" class="testMethodDetails">
                     <div>
                        <b>Name: </b>login
                     </div>
                     <div>
                        <b>Signature: </b>login()[pri:0, instance:Reporting@37858383]
                     </div>
                     <div>
                        <b>Start time: </b>16:50:29
                     </div>
                     <div>
                        <b>End time: </b>16:50:29
                     </div>
                     <div>
                        <b>Duration: </b>2 ms
                        
                     </div>
                  </div>
               </td>
            </tr>
            <tr></tr>
         </table>
         <br></br>
      </div>
      <div style="margin-top: 15px; color: gray; text-align: center; font-size: 9px;">
         Generated with
         
         <a href="http://code.google.com/p/testng-xslt/" style="color: #8888aa;"
            target="_blank">
            TestNG XSLT
            
         </a>
      </div>
   </body>
</html>